# JRE version: OpenJDK Runtime Environment (Alibaba Dragonwell Standard Edition)-17.0.8.0.8+7-GA (17.0.8+7) (build 17.0.8+7)
# Java VM: OpenJDK 64-Bit Server VM (Alibaba Dragonwell Standard Edition)-17.0.8.0.8+7-GA (17.0.8+7, mixed mode, sharing, tiered, compressed oops, compressed class ptrs, g1 gc, linux-amd64)
GC Precious Log:
 CPUs: 32 total, 12 available
 Memory: 15919M
 Large Page Support: Disabled
 NUMA Support: Disabled
 Compressed Oops: Enabled (Zero based)
 Heap Region Size: 2M
 Heap Min Capacity: 8M
 Heap Initial Capacity: 250M
 Heap Max Capacity: 3980M
 Pre-touch: Disabled
 Parallel Workers: 10
 Concurrent Workers: 3
 Concurrent Refinement Workers: 10
 Periodic GC: Disabled
Heap:
 garbage-first heap   total 669696K, used 616462K [0x0000000707400000, 0x0000000800000000)
  region size 2048K, 12 young (24576K), 1 survivors (2048K)
 Metaspace       used 13025K, committed 13312K, reserved 1114112K
  class space    used 1098K, committed 1216K, reserved 1048576K
GC Heap History (20 events):
Event: 231,145 GC heap before
{Heap before GC invocations=1668 (full 0):
 garbage-first heap   total 669696K, used 626698K [0x0000000707400000, 0x0000000800000000)
  region size 2048K, 16 young (32768K), 1 survivors (2048K)
 Metaspace       used 12996K, committed 13312K, reserved 1114112K
  class space    used 1093K, committed 1216K, reserved 1048576K
}
Event: 231,145 GC heap after
{Heap after GC invocations=1669 (full 0):
 garbage-first heap   total 669696K, used 595982K [0x0000000707400000, 0x0000000800000000)
  region size 2048K, 1 young (2048K), 1 survivors (2048K)
 Metaspace       used 12996K, committed 13312K, reserved 1114112K
  class space    used 1093K, committed 1216K, reserved 1048576K
}
Event: 231,235 GC heap before
{Heap before GC invocations=1669 (full 0):
 garbage-first heap   total 669696K, used 626702K [0x0000000707400000, 0x0000000800000000)
  region size 2048K, 16 young (32768K), 1 survivors (2048K)
 Metaspace       used 12996K, committed 13312K, reserved 1114112K
  class space    used 1093K, committed 1216K, reserved 1048576K
}
Event: 231,235 GC heap after
{Heap after GC invocations=1670 (full 0):
 garbage-first heap   total 669696K, used 595980K [0x0000000707400000, 0x0000000800000000)
  region size 2048K, 1 young (2048K), 1 survivors (2048K)
 Metaspace       used 12996K, committed 13312K, reserved 1114112K
  class space    used 1093K, committed 1216K, reserved 1048576K
}
Event: 231,324 GC heap before
{Heap before GC invocations=1670 (full 0):
 garbage-first heap   total 669696K, used 626700K [0x0000000707400000, 0x0000000800000000)
  region size 2048K, 16 young (32768K), 1 survivors (2048K)
 Metaspace       used 12996K, committed 13312K, reserved 1114112K
  class space    used 1093K, committed 1216K, reserved 1048576K
}
Event: 231,324 GC heap after
{Heap after GC invocations=1671 (full 0):
 garbage-first heap   total 669696K, used 595980K [0x0000000707400000, 0x0000000800000000)
  region size 2048K, 1 young (2048K), 1 survivors (2048K)
 Metaspace       used 12996K, committed 13312K, reserved 1114112K
  class space    used 1093K, committed 1216K, reserved 1048576K
}
Event: 231,410 GC heap before
{Heap before GC invocations=1671 (full 0):
 garbage-first heap   total 669696K, used 626700K [0x0000000707400000, 0x0000000800000000)
  region size 2048K, 16 young (32768K), 1 survivors (2048K)
 Metaspace       used 12996K, committed 13312K, reserved 1114112K
  class space    used 1093K, committed 1216K, reserved 1048576K
}
Event: 231,411 GC heap after
{Heap after GC invocations=1672 (full 0):
 garbage-first heap   total 669696K, used 595980K [0x0000000707400000, 0x0000000800000000)
  region size 2048K, 1 young (2048K), 1 survivors (2048K)
 Metaspace       used 12996K, committed 13312K, reserved 1114112K
  class space    used 1093K, committed 1216K, reserved 1048576K
}
Event: 231,489 GC heap before
{Heap before GC invocations=1672 (full 0):
 garbage-first heap   total 669696K, used 626700K [0x0000000707400000, 0x0000000800000000)
  region size 2048K, 16 young (32768K), 1 survivors (2048K)
 Metaspace       used 12996K, committed 13312K, reserved 1114112K
  class space    used 1093K, committed 1216K, reserved 1048576K
}
Event: 231,489 GC heap after
{Heap after GC invocations=1673 (full 0):
 garbage-first heap   total 669696K, used 595978K [0x0000000707400000, 0x0000000800000000)
  region size 2048K, 1 young (2048K), 1 survivors (2048K)
 Metaspace       used 12996K, committed 13312K, reserved 1114112K
  class space    used 1093K, committed 1216K, reserved 1048576K
}
Event: 231,569 GC heap before
{Heap before GC invocations=1673 (full 0):
 garbage-first heap   total 669696K, used 626698K [0x0000000707400000, 0x0000000800000000)
  region size 2048K, 16 young (32768K), 1 survivors (2048K)
 Metaspace       used 12996K, committed 13312K, reserved 1114112K
  class space    used 1093K, committed 1216K, reserved 1048576K
}
Event: 231,569 GC heap after
{Heap after GC invocations=1674 (full 0):
 garbage-first heap   total 669696K, used 595980K [0x0000000707400000, 0x0000000800000000)
  region size 2048K, 1 young (2048K), 1 survivors (2048K)
 Metaspace       used 12996K, committed 13312K, reserved 1114112K
  class space    used 1093K, committed 1216K, reserved 1048576K
}
Event: 231,643 GC heap before
{Heap before GC invocations=1674 (full 0):
 garbage-first heap   total 669696K, used 626700K [0x0000000707400000, 0x0000000800000000)
  region size 2048K, 16 young (32768K), 1 survivors (2048K)
 Metaspace       used 12996K, committed 13312K, reserved 1114112K
  class space    used 1093K, committed 1216K, reserved 1048576K
}
Event: 231,643 GC heap after
{Heap after GC invocations=1675 (full 0):
 garbage-first heap   total 669696K, used 595980K [0x0000000707400000, 0x0000000800000000)
  region size 2048K, 1 young (2048K), 1 survivors (2048K)
 Metaspace       used 12996K, committed 13312K, reserved 1114112K
  class space    used 1093K, committed 1216K, reserved 1048576K
}
Event: 231,717 GC heap before
{Heap before GC invocations=1675 (full 0):
 garbage-first heap   total 669696K, used 626700K [0x0000000707400000, 0x0000000800000000)
  region size 2048K, 16 young (32768K), 1 survivors (2048K)
 Metaspace       used 12996K, committed 13312K, reserved 1114112K
  class space    used 1093K, committed 1216K, reserved 1048576K
}
Event: 231,717 GC heap after
{Heap after GC invocations=1676 (full 0):
 garbage-first heap   total 669696K, used 595978K [0x0000000707400000, 0x0000000800000000)
  region size 2048K, 1 young (2048K), 1 survivors (2048K)
 Metaspace       used 12996K, committed 13312K, reserved 1114112K
  class space    used 1093K, committed 1216K, reserved 1048576K
}
Event: 231,794 GC heap before
{Heap before GC invocations=1676 (full 0):
 garbage-first heap   total 669696K, used 626698K [0x0000000707400000, 0x0000000800000000)
  region size 2048K, 16 young (32768K), 1 survivors (2048K)
 Metaspace       used 12996K, committed 13312K, reserved 1114112K
  class space    used 1093K, committed 1216K, reserved 1048576K
}
Event: 231,794 GC heap after
{Heap after GC invocations=1677 (full 0):
 garbage-first heap   total 669696K, used 595978K [0x0000000707400000, 0x0000000800000000)
  region size 2048K, 1 young (2048K), 1 survivors (2048K)
 Metaspace       used 12996K, committed 13312K, reserved 1114112K
  class space    used 1093K, committed 1216K, reserved 1048576K
}
Event: 231,869 GC heap before
{Heap before GC invocations=1677 (full 0):
 garbage-first heap   total 669696K, used 626698K [0x0000000707400000, 0x0000000800000000)
  region size 2048K, 16 young (32768K), 1 survivors (2048K)
 Metaspace       used 12996K, committed 13312K, reserved 1114112K
  class space    used 1093K, committed 1216K, reserved 1048576K
}
Event: 231,869 GC heap after
{Heap after GC invocations=1678 (full 0):
 garbage-first heap   total 669696K, used 595982K [0x0000000707400000, 0x0000000800000000)
  region size 2048K, 1 young (2048K), 1 survivors (2048K)
 Metaspace       used 12996K, committed 13312K, reserved 1114112K
  class space    used 1093K, committed 1216K, reserved 1048576K
}

